          1 file(s) copied.
          1 file(s) copied.
          1 file(s) copied.
  GameController.cpp
C:\MYWHOLEASSDESKTOP\MyGitForFinalCPlusPlusProject\FinalCPlussPlussProject\GameEngineeringGameEngine_FinalProject\GameEngineeringGameEngine\StackAllocator.h(10,46): warning C4244: 'return': conversion from '__int64' to 'int', possible loss of data
C:\MYWHOLEASSDESKTOP\MyGitForFinalCPlusPlusProject\FinalCPlussPlussProject\GameEngineeringGameEngine_FinalProject\GameEngineeringGameEngine\SpriteSheet.h(48,43): warning C4244: '=': conversion from 'int' to 'float', possible loss of data
C:\MYWHOLEASSDESKTOP\MyGitForFinalCPlusPlusProject\FinalCPlussPlussProject\GameEngineeringGameEngine_FinalProject\GameEngineeringGameEngine\SpriteSheet.h(48,57): warning C4244: '=': conversion from 'int' to 'float', possible loss of data
C:\MYWHOLEASSDESKTOP\MyGitForFinalCPlusPlusProject\FinalCPlussPlussProject\GameEngineeringGameEngine_FinalProject\GameEngineeringGameEngine\SpriteSheet.h(52,37): warning C4244: '=': conversion from 'int' to 'float', possible loss of data
C:\MYWHOLEASSDESKTOP\MyGitForFinalCPlusPlusProject\FinalCPlussPlussProject\GameEngineeringGameEngine_FinalProject\GameEngineeringGameEngine\SpriteSheet.h(53,37): warning C4244: '=': conversion from 'int' to 'float', possible loss of data
C:\MYWHOLEASSDESKTOP\MyGitForFinalCPlusPlusProject\FinalCPlussPlussProject\GameEngineeringGameEngine_FinalProject\GameEngineeringGameEngine\GameController.cpp(245,92): warning C4244: 'argument': conversion from 'float' to 'int', possible loss of data
C:\MYWHOLEASSDESKTOP\MyGitForFinalCPlusPlusProject\FinalCPlussPlussProject\GameEngineeringGameEngine_FinalProject\GameEngineeringGameEngine\GameController.cpp(245,61): warning C4244: 'argument': conversion from 'float' to 'int', possible loss of data
C:\MYWHOLEASSDESKTOP\MyGitForFinalCPlusPlusProject\FinalCPlussPlussProject\GameEngineeringGameEngine_FinalProject\GameEngineeringGameEngine\GameController.cpp(295,14): warning C4244: 'argument': conversion from 'time_t' to 'unsigned int', possible loss of data
C:\MYWHOLEASSDESKTOP\MyGitForFinalCPlusPlusProject\FinalCPlussPlussProject\GameEngineeringGameEngine_FinalProject\GameEngineeringGameEngine\GameController.cpp(325,14): warning C4244: 'argument': conversion from 'time_t' to 'unsigned int', possible loss of data
C:\MYWHOLEASSDESKTOP\MyGitForFinalCPlusPlusProject\FinalCPlussPlussProject\GameEngineeringGameEngine_FinalProject\GameEngineeringGameEngine\GameController.cpp(335,261): warning C4244: 'argument': conversion from 'float' to 'unsigned int', possible loss of data
C:\MYWHOLEASSDESKTOP\MyGitForFinalCPlusPlusProject\FinalCPlussPlussProject\GameEngineeringGameEngine_FinalProject\GameEngineeringGameEngine\GameController.cpp(335,199): warning C4244: 'argument': conversion from 'float' to 'unsigned int', possible loss of data
C:\MYWHOLEASSDESKTOP\MyGitForFinalCPlusPlusProject\FinalCPlussPlussProject\GameEngineeringGameEngine_FinalProject\GameEngineeringGameEngine\GameController.cpp(335,164): warning C4244: 'argument': conversion from 'float' to 'unsigned int', possible loss of data
C:\MYWHOLEASSDESKTOP\MyGitForFinalCPlusPlusProject\FinalCPlussPlussProject\GameEngineeringGameEngine_FinalProject\GameEngineeringGameEngine\GameController.cpp(335,135): warning C4244: 'argument': conversion from 'float' to 'unsigned int', possible loss of data
C:\MYWHOLEASSDESKTOP\MyGitForFinalCPlusPlusProject\FinalCPlussPlussProject\GameEngineeringGameEngine_FinalProject\GameEngineeringGameEngine\GameController.cpp(336,279): warning C4244: 'argument': conversion from 'float' to 'unsigned int', possible loss of data
C:\MYWHOLEASSDESKTOP\MyGitForFinalCPlusPlusProject\FinalCPlussPlussProject\GameEngineeringGameEngine_FinalProject\GameEngineeringGameEngine\GameController.cpp(336,201): warning C4244: 'argument': conversion from 'float' to 'unsigned int', possible loss of data
C:\MYWHOLEASSDESKTOP\MyGitForFinalCPlusPlusProject\FinalCPlussPlussProject\GameEngineeringGameEngine_FinalProject\GameEngineeringGameEngine\GameController.cpp(336,164): warning C4244: 'argument': conversion from 'float' to 'unsigned int', possible loss of data
C:\MYWHOLEASSDESKTOP\MyGitForFinalCPlusPlusProject\FinalCPlussPlussProject\GameEngineeringGameEngine_FinalProject\GameEngineeringGameEngine\GameController.cpp(336,135): warning C4244: 'argument': conversion from 'float' to 'unsigned int', possible loss of data
C:\MYWHOLEASSDESKTOP\MyGitForFinalCPlusPlusProject\FinalCPlussPlussProject\GameEngineeringGameEngine_FinalProject\GameEngineeringGameEngine\GameController.cpp(340,20): warning C4244: 'argument': conversion from 'float' to 'int', possible loss of data
  GameEngineeringGameEngine.vcxproj -> C:\MYWHOLEASSDESKTOP\MyGitForFinalCPlusPlusProject\FinalCPlussPlussProject\GameEngineeringGameEngine_FinalProject\x64\Debug\GameEngineeringGameEngine.exe
