c:\mywholeassdesktop\gameengineeringgameengine\gameengineeringgameengine\gameengineeringgameengine\x64\debug\vc143.pdb
c:\mywholeassdesktop\gameengineeringgameengine\gameengineeringgameengine\gameengineeringgameengine\x64\debug\vc143.idb
c:\mywholeassdesktop\gameengineeringgameengine\gameengineeringgameengine\gameengineeringgameengine\x64\debug\unit.obj
c:\mywholeassdesktop\gameengineeringgameengine\gameengineeringgameengine\gameengineeringgameengine\x64\debug\stackallocator.obj
c:\mywholeassdesktop\gameengineeringgameengine\gameengineeringgameengine\gameengineeringgameengine\x64\debug\soundeffect.obj
c:\mywholeassdesktop\gameengineeringgameengine\gameengineeringgameengine\gameengineeringgameengine\x64\debug\resource.obj
c:\mywholeassdesktop\gameengineeringgameengine\gameengineeringgameengine\gameengineeringgameengine\x64\debug\renderer.obj
c:\mywholeassdesktop\gameengineeringgameengine\gameengineeringgameengine\gameengineeringgameengine\x64\debug\level.obj
c:\mywholeassdesktop\gameengineeringgameengine\gameengineeringgameengine\gameengineeringgameengine\x64\debug\gameengineeringgameengine.obj
c:\mywholeassdesktop\gameengineeringgameengine\gameengineeringgameengine\gameengineeringgameengine\x64\debug\gamecontroller.obj
c:\mywholeassdesktop\gameengineeringgameengine\gameengineeringgameengine\gameengineeringgameengine\x64\debug\filecontroller.obj
c:\mywholeassdesktop\gameengineeringgameengine\gameengineeringgameengine\gameengineeringgameengine\x64\debug\assetcontroller.obj
c:\mywholeassdesktop\gameengineeringgameengine\gameengineeringgameengine\gameengineeringgameengine\x64\debug\asset.obj
c:\mywholeassdesktop\gameengineeringgameengine\gameengineeringgameengine\gameengineeringgameengine\x64\debug\tgareader.obj
c:\mywholeassdesktop\gameengineeringgameengine\gameengineeringgameengine\gameengineeringgameengine\x64\debug\texture.obj
c:\mywholeassdesktop\gameengineeringgameengine\gameengineeringgameengine\gameengineeringgameengine\x64\debug\spritesheet.obj
c:\mywholeassdesktop\gameengineeringgameengine\gameengineeringgameengine\gameengineeringgameengine\x64\debug\spriteanim.obj
c:\mywholeassdesktop\gameengineeringgameengine\gameengineeringgameengine\gameengineeringgameengine\x64\debug\ttfont.obj
c:\mywholeassdesktop\gameengineeringgameengine\gameengineeringgameengine\x64\debug\gameengineeringgameengine.exe
c:\mywholeassdesktop\gameengineeringgameengine\gameengineeringgameengine\gameengineeringgameengine\x64\debug\gameengineeringgameengine.ilk
c:\mywholeassdesktop\gameengineeringgameengine\gameengineeringgameengine\x64\debug\gameengineeringgameengine.pdb
c:\mywholeassdesktop\gameengineeringgameengine\gameengineeringgameengine\gameengineeringgameengine\x64\debug\gamecontroller.obj.enc
c:\mywholeassdesktop\gameengineeringgameengine\gameengineeringgameengine\gameengineeringgameengine\x64\debug\gameengi.532bddc5.tlog\cl.command.1.tlog
c:\mywholeassdesktop\gameengineeringgameengine\gameengineeringgameengine\gameengineeringgameengine\x64\debug\gameengi.532bddc5.tlog\cl.read.1.tlog
c:\mywholeassdesktop\gameengineeringgameengine\gameengineeringgameengine\gameengineeringgameengine\x64\debug\gameengi.532bddc5.tlog\cl.write.1.tlog
c:\mywholeassdesktop\gameengineeringgameengine\gameengineeringgameengine\gameengineeringgameengine\x64\debug\gameengi.532bddc5.tlog\link.command.1.tlog
c:\mywholeassdesktop\gameengineeringgameengine\gameengineeringgameengine\gameengineeringgameengine\x64\debug\gameengi.532bddc5.tlog\link.read.1.tlog
c:\mywholeassdesktop\gameengineeringgameengine\gameengineeringgameengine\gameengineeringgameengine\x64\debug\gameengi.532bddc5.tlog\link.write.1.tlog
