  Asset.cpp
C:\MYWHOLEASSDESKTOP\GameEngineeringGameEngine\GameEngineeringGameEngine\GameEngineeringGameEngine\StandardIncludes.h(15,10): fatal  error C1083: Cannot open include file: 'SDL.h': No such file or directory
  AssetController.cpp
C:\MYWHOLEASSDESKTOP\GameEngineeringGameEngine\GameEngineeringGameEngine\GameEngineeringGameEngine\StandardIncludes.h(15,10): fatal  error C1083: Cannot open include file: 'SDL.h': No such file or directory
  FileController.cpp
C:\MYWHOLEASSDESKTOP\GameEngineeringGameEngine\GameEngineeringGameEngine\GameEngineeringGameEngine\StandardIncludes.h(15,10): fatal  error C1083: Cannot open include file: 'SDL.h': No such file or directory
  GameController.cpp
C:\MYWHOLEASSDESKTOP\GameEngineeringGameEngine\GameEngineeringGameEngine\GameEngineeringGameEngine\StandardIncludes.h(15,10): fatal  error C1083: Cannot open include file: 'SDL.h': No such file or directory
  GameEngineeringGameEngine.cpp
C:\MYWHOLEASSDESKTOP\GameEngineeringGameEngine\GameEngineeringGameEngine\GameEngineeringGameEngine\StandardIncludes.h(15,10): fatal  error C1083: Cannot open include file: 'SDL.h': No such file or directory
  Level.cpp
C:\MYWHOLEASSDESKTOP\GameEngineeringGameEngine\GameEngineeringGameEngine\GameEngineeringGameEngine\StandardIncludes.h(15,10): fatal  error C1083: Cannot open include file: 'SDL.h': No such file or directory
  Renderer.cpp
C:\MYWHOLEASSDESKTOP\GameEngineeringGameEngine\GameEngineeringGameEngine\GameEngineeringGameEngine\StandardIncludes.h(15,10): fatal  error C1083: Cannot open include file: 'SDL.h': No such file or directory
  Resource.cpp
C:\MYWHOLEASSDESKTOP\GameEngineeringGameEngine\GameEngineeringGameEngine\GameEngineeringGameEngine\StandardIncludes.h(15,10): fatal  error C1083: Cannot open include file: 'SDL.h': No such file or directory
  SoundEffect.cpp
C:\MYWHOLEASSDESKTOP\GameEngineeringGameEngine\GameEngineeringGameEngine\GameEngineeringGameEngine\StandardIncludes.h(15,10): fatal  error C1083: Cannot open include file: 'SDL.h': No such file or directory
  StackAllocator.cpp
C:\MYWHOLEASSDESKTOP\GameEngineeringGameEngine\GameEngineeringGameEngine\GameEngineeringGameEngine\StandardIncludes.h(15,10): fatal  error C1083: Cannot open include file: 'SDL.h': No such file or directory
  Unit.cpp
C:\MYWHOLEASSDESKTOP\GameEngineeringGameEngine\GameEngineeringGameEngine\GameEngineeringGameEngine\StandardIncludes.h(15,10): fatal  error C1083: Cannot open include file: 'SDL.h': No such file or directory
  Generating Code...
