          1 file(s) copied.
          1 file(s) copied.
  GameController.cpp
C:\MYWHOLEASSDESKTOP\GameEngineeringGameEngine\GameEngineeringGameEngine_Assignment2\GameEngineeringGameEngine\StackAllocator.h(10,46): warning C4244: 'return': conversion from '__int64' to 'int', possible loss of data
C:\MYWHOLEASSDESKTOP\GameEngineeringGameEngine\GameEngineeringGameEngine_Assignment2\GameEngineeringGameEngine\SpriteSheet.h(44,43): warning C4244: '=': conversion from 'int' to 'float', possible loss of data
C:\MYWHOLEASSDESKTOP\GameEngineeringGameEngine\GameEngineeringGameEngine_Assignment2\GameEngineeringGameEngine\SpriteSheet.h(44,57): warning C4244: '=': conversion from 'int' to 'float', possible loss of data
C:\MYWHOLEASSDESKTOP\GameEngineeringGameEngine\GameEngineeringGameEngine_Assignment2\GameEngineeringGameEngine\SpriteSheet.h(48,37): warning C4244: '=': conversion from 'int' to 'float', possible loss of data
C:\MYWHOLEASSDESKTOP\GameEngineeringGameEngine\GameEngineeringGameEngine_Assignment2\GameEngineeringGameEngine\SpriteSheet.h(49,37): warning C4244: '=': conversion from 'int' to 'float', possible loss of data
C:\MYWHOLEASSDESKTOP\GameEngineeringGameEngine\GameEngineeringGameEngine_Assignment2\GameEngineeringGameEngine\GameController.cpp(56,45): warning C4244: 'argument': conversion from 'int' to 'float', possible loss of data
C:\MYWHOLEASSDESKTOP\GameEngineeringGameEngine\GameEngineeringGameEngine_Assignment2\GameEngineeringGameEngine\GameController.cpp(64,39): warning C4244: 'argument': conversion from 'int' to 'float', possible loss of data
C:\MYWHOLEASSDESKTOP\GameEngineeringGameEngine\GameEngineeringGameEngine_Assignment2\GameEngineeringGameEngine\GameController.cpp(74,77): warning C4305: 'initializing': truncation from 'double' to 'float'
C:\MYWHOLEASSDESKTOP\GameEngineeringGameEngine\GameEngineeringGameEngine_Assignment2\GameEngineeringGameEngine\GameController.cpp(75,75): warning C4305: 'initializing': truncation from 'double' to 'float'
C:\MYWHOLEASSDESKTOP\GameEngineeringGameEngine\GameEngineeringGameEngine_Assignment2\GameEngineeringGameEngine\GameController.cpp(93,12): warning C4244: 'argument': conversion from 'time_t' to 'unsigned int', possible loss of data
C:\MYWHOLEASSDESKTOP\GameEngineeringGameEngine\GameEngineeringGameEngine_Assignment2\GameEngineeringGameEngine\GameController.cpp(96,39): warning C4244: '=': conversion from 'int' to 'float', possible loss of data
C:\MYWHOLEASSDESKTOP\GameEngineeringGameEngine\GameEngineeringGameEngine_Assignment2\GameEngineeringGameEngine\GameController.cpp(101,43): warning C4244: '=': conversion from 'int' to 'float', possible loss of data
C:\MYWHOLEASSDESKTOP\GameEngineeringGameEngine\GameEngineeringGameEngine_Assignment2\GameEngineeringGameEngine\GameController.cpp(174,64): warning C4244: 'argument': conversion from 'float' to 'int', possible loss of data
C:\MYWHOLEASSDESKTOP\GameEngineeringGameEngine\GameEngineeringGameEngine_Assignment2\GameEngineeringGameEngine\GameController.cpp(209,58): warning C4838: conversion from 'float' to 'int' requires a narrowing conversion
C:\MYWHOLEASSDESKTOP\GameEngineeringGameEngine\GameEngineeringGameEngine_Assignment2\GameEngineeringGameEngine\GameController.cpp(209,58): warning C4244: 'initializing': conversion from 'float' to 'int', possible loss of data
C:\MYWHOLEASSDESKTOP\GameEngineeringGameEngine\GameEngineeringGameEngine_Assignment2\GameEngineeringGameEngine\GameController.cpp(209,89): warning C4838: conversion from 'float' to 'int' requires a narrowing conversion
C:\MYWHOLEASSDESKTOP\GameEngineeringGameEngine\GameEngineeringGameEngine_Assignment2\GameEngineeringGameEngine\GameController.cpp(209,89): warning C4244: 'initializing': conversion from 'float' to 'int', possible loss of data
C:\MYWHOLEASSDESKTOP\GameEngineeringGameEngine\GameEngineeringGameEngine_Assignment2\GameEngineeringGameEngine\GameController.cpp(210,52): warning C4838: conversion from 'float' to 'int' requires a narrowing conversion
C:\MYWHOLEASSDESKTOP\GameEngineeringGameEngine\GameEngineeringGameEngine_Assignment2\GameEngineeringGameEngine\GameController.cpp(210,52): warning C4244: 'initializing': conversion from 'float' to 'int', possible loss of data
C:\MYWHOLEASSDESKTOP\GameEngineeringGameEngine\GameEngineeringGameEngine_Assignment2\GameEngineeringGameEngine\GameController.cpp(210,80): warning C4838: conversion from 'float' to 'int' requires a narrowing conversion
C:\MYWHOLEASSDESKTOP\GameEngineeringGameEngine\GameEngineeringGameEngine_Assignment2\GameEngineeringGameEngine\GameController.cpp(210,80): warning C4244: 'initializing': conversion from 'float' to 'int', possible loss of data
C:\MYWHOLEASSDESKTOP\GameEngineeringGameEngine\GameEngineeringGameEngine_Assignment2\GameEngineeringGameEngine\GameController.cpp(226,269): warning C4244: 'argument': conversion from 'float' to 'unsigned int', possible loss of data
C:\MYWHOLEASSDESKTOP\GameEngineeringGameEngine\GameEngineeringGameEngine_Assignment2\GameEngineeringGameEngine\GameController.cpp(226,186): warning C4244: 'argument': conversion from 'float' to 'unsigned int', possible loss of data
C:\MYWHOLEASSDESKTOP\GameEngineeringGameEngine\GameEngineeringGameEngine_Assignment2\GameEngineeringGameEngine\GameController.cpp(226,132): warning C4244: 'argument': conversion from 'float' to 'unsigned int', possible loss of data
C:\MYWHOLEASSDESKTOP\GameEngineeringGameEngine\GameEngineeringGameEngine_Assignment2\GameEngineeringGameEngine\GameController.cpp(230,276): warning C4244: 'argument': conversion from 'float' to 'unsigned int', possible loss of data
C:\MYWHOLEASSDESKTOP\GameEngineeringGameEngine\GameEngineeringGameEngine_Assignment2\GameEngineeringGameEngine\GameController.cpp(230,202): warning C4244: 'argument': conversion from 'float' to 'unsigned int', possible loss of data
C:\MYWHOLEASSDESKTOP\GameEngineeringGameEngine\GameEngineeringGameEngine_Assignment2\GameEngineeringGameEngine\GameController.cpp(230,154): warning C4244: 'argument': conversion from 'float' to 'unsigned int', possible loss of data
C:\MYWHOLEASSDESKTOP\GameEngineeringGameEngine\GameEngineeringGameEngine_Assignment2\GameEngineeringGameEngine\GameController.cpp(230,126): warning C4244: 'argument': conversion from 'float' to 'unsigned int', possible loss of data
C:\MYWHOLEASSDESKTOP\GameEngineeringGameEngine\GameEngineeringGameEngine_Assignment2\GameEngineeringGameEngine\GameController.cpp(237,297): warning C4244: 'argument': conversion from 'float' to 'unsigned int', possible loss of data
C:\MYWHOLEASSDESKTOP\GameEngineeringGameEngine\GameEngineeringGameEngine_Assignment2\GameEngineeringGameEngine\GameController.cpp(237,214): warning C4244: 'argument': conversion from 'float' to 'unsigned int', possible loss of data
C:\MYWHOLEASSDESKTOP\GameEngineeringGameEngine\GameEngineeringGameEngine_Assignment2\GameEngineeringGameEngine\GameController.cpp(237,160): warning C4244: 'argument': conversion from 'float' to 'unsigned int', possible loss of data
C:\MYWHOLEASSDESKTOP\GameEngineeringGameEngine\GameEngineeringGameEngine_Assignment2\GameEngineeringGameEngine\GameController.cpp(237,129): warning C4244: 'argument': conversion from 'float' to 'unsigned int', possible loss of data
C:\MYWHOLEASSDESKTOP\GameEngineeringGameEngine\GameEngineeringGameEngine_Assignment2\GameEngineeringGameEngine\GameController.cpp(241,300): warning C4244: 'argument': conversion from 'float' to 'unsigned int', possible loss of data
C:\MYWHOLEASSDESKTOP\GameEngineeringGameEngine\GameEngineeringGameEngine_Assignment2\GameEngineeringGameEngine\GameController.cpp(241,217): warning C4244: 'argument': conversion from 'float' to 'unsigned int', possible loss of data
C:\MYWHOLEASSDESKTOP\GameEngineeringGameEngine\GameEngineeringGameEngine_Assignment2\GameEngineeringGameEngine\GameController.cpp(241,163): warning C4244: 'argument': conversion from 'float' to 'unsigned int', possible loss of data
C:\MYWHOLEASSDESKTOP\GameEngineeringGameEngine\GameEngineeringGameEngine_Assignment2\GameEngineeringGameEngine\GameController.cpp(241,132): warning C4244: 'argument': conversion from 'float' to 'unsigned int', possible loss of data
C:\MYWHOLEASSDESKTOP\GameEngineeringGameEngine\GameEngineeringGameEngine_Assignment2\GameEngineeringGameEngine\GameController.cpp(253,277): warning C4244: 'argument': conversion from 'float' to 'unsigned int', possible loss of data
C:\MYWHOLEASSDESKTOP\GameEngineeringGameEngine\GameEngineeringGameEngine_Assignment2\GameEngineeringGameEngine\GameController.cpp(253,203): warning C4244: 'argument': conversion from 'float' to 'unsigned int', possible loss of data
C:\MYWHOLEASSDESKTOP\GameEngineeringGameEngine\GameEngineeringGameEngine_Assignment2\GameEngineeringGameEngine\GameController.cpp(253,155): warning C4244: 'argument': conversion from 'float' to 'unsigned int', possible loss of data
C:\MYWHOLEASSDESKTOP\GameEngineeringGameEngine\GameEngineeringGameEngine_Assignment2\GameEngineeringGameEngine\GameController.cpp(253,127): warning C4244: 'argument': conversion from 'float' to 'unsigned int', possible loss of data
C:\MYWHOLEASSDESKTOP\GameEngineeringGameEngine\GameEngineeringGameEngine_Assignment2\GameEngineeringGameEngine\GameController.cpp(260,14): warning C4244: 'argument': conversion from 'float' to 'int', possible loss of data
  GameEngineeringGameEngine.vcxproj -> C:\MYWHOLEASSDESKTOP\GameEngineeringGameEngine\GameEngineeringGameEngine_Assignment2\x64\Debug\GameEngineeringGameEngine.exe
